0 info it worked if it ends with ok
1 verbose cli [ 'D:\\cours\\Node_JS\\node.exe',
1 verbose cli   'C:\\Users\\emer0\\AppData\\Roaming\\npm\\node_modules\\npm\\bin\\npm-cli.js',
1 verbose cli   'start' ]
2 info using npm@4.0.5
3 info using node@v8.2.1
4 verbose run-script [ 'prestart', 'start', 'poststart' ]
5 info lifecycle ecommerce@0.0.0~prestart: ecommerce@0.0.0
6 silly lifecycle ecommerce@0.0.0~prestart: no script for prestart, continuing
7 info lifecycle ecommerce@0.0.0~start: ecommerce@0.0.0
8 verbose lifecycle ecommerce@0.0.0~start: unsafe-perm in lifecycle true
9 verbose lifecycle ecommerce@0.0.0~start: PATH: C:\Users\emer0\AppData\Roaming\npm\node_modules\npm\bin\node-gyp-bin;D:\cours\3eme\nodeProject\eCommerce\node_modules\.bin;C:\Users\emer0\bin;D:\programmation\git\Git\mingw64\bin;D:\programmation\git\Git\usr\local\bin;D:\programmation\git\Git\usr\bin;D:\programmation\git\Git\usr\bin;D:\programmation\git\Git\mingw64\bin;D:\programmation\git\Git\usr\bin;C:\Users\emer0\bin;C:\ProgramData\Oracle\Java\javapath;C:\Program Files (x86)\Intel\iCLS Client;C:\Program Files\Intel\iCLS Client;C:\Windows\system32;C:\Windows;C:\Windows\System32\Wbem;C:\Windows\System32\WindowsPowerShell\v1.0;C:\Program Files (x86)\Intel\Intel(R) Management Engine Components\DAL;C:\Program Files\Intel\Intel(R) Management Engine Components\DAL;C:\Program Files (x86)\Intel\Intel(R) Management Engine Components\IPT;C:\Program Files\Intel\Intel(R) Management Engine Components\IPT;C:\Program Files (x86)\NVIDIA Corporation\PhysX\Common;D:\Brackets\command;C:\Program Files (x86)\MySQL\MySQL Fabric 1.5 & MySQL Utilities 1.5;C:\Program Files (x86)\MySQL\MySQL Fabric 1.5 & MySQL Utilities 1.5\Doctrine extensions for PHP;C:\WINDOWS\system32;C:\WINDOWS;C:\WINDOWS\System32\Wbem;C:\WINDOWS\System32\WindowsPowerShell\v1.0;D:\programmation\git\Git\cmd;C:\Users\emer0\AppData\Local\Programs\Python\Python35-32;C:\Program Files (x86)\Skype\Phone;C:\Program Files\Intel\WiFi\bin;C:\Program Files\Common Files\Intel\WirelessCommon;D:\cours\Node_JS;C:\Users\emer0\AppData\Local\Microsoft\WindowsApps;C:\Program Files\Docker Toolbox;C:\Users\emer0\AppData\Roaming\npm;D:\programmation\git\Git\usr\bin\vendor_perl;D:\programmation\git\Git\usr\bin\core_perl
10 verbose lifecycle ecommerce@0.0.0~start: CWD: D:\cours\3eme\nodeProject\eCommerce
11 silly lifecycle ecommerce@0.0.0~start: Args: [ '/d /s /c', 'node ./bin/www' ]
12 silly lifecycle ecommerce@0.0.0~start: Returned: code: 1  signal: null
13 info lifecycle ecommerce@0.0.0~start: Failed to exec start script
14 verbose stack Error: ecommerce@0.0.0 start: `node ./bin/www`
14 verbose stack Exit status 1
14 verbose stack     at EventEmitter.<anonymous> (C:\Users\emer0\AppData\Roaming\npm\node_modules\npm\lib\utils\lifecycle.js:279:16)
14 verbose stack     at emitTwo (events.js:125:13)
14 verbose stack     at EventEmitter.emit (events.js:213:7)
14 verbose stack     at ChildProcess.<anonymous> (C:\Users\emer0\AppData\Roaming\npm\node_modules\npm\lib\utils\spawn.js:40:14)
14 verbose stack     at emitTwo (events.js:125:13)
14 verbose stack     at ChildProcess.emit (events.js:213:7)
14 verbose stack     at maybeClose (internal/child_process.js:921:16)
14 verbose stack     at Process.ChildProcess._handle.onexit (internal/child_process.js:211:5)
15 verbose pkgid ecommerce@0.0.0
16 verbose cwd D:\cours\3eme\nodeProject\eCommerce
17 error Windows_NT 10.0.14393
18 error argv "D:\\cours\\Node_JS\\node.exe" "C:\\Users\\emer0\\AppData\\Roaming\\npm\\node_modules\\npm\\bin\\npm-cli.js" "start"
19 error node v8.2.1
20 error npm  v4.0.5
21 error code ELIFECYCLE
22 error ecommerce@0.0.0 start: `node ./bin/www`
22 error Exit status 1
23 error Failed at the ecommerce@0.0.0 start script 'node ./bin/www'.
23 error Make sure you have the latest version of node.js and npm installed.
23 error If you do, this is most likely a problem with the ecommerce package,
23 error not with npm itself.
23 error Tell the author that this fails on your system:
23 error     node ./bin/www
23 error You can get information on how to open an issue for this project with:
23 error     npm bugs ecommerce
23 error Or if that isn't available, you can get their info via:
23 error     npm owner ls ecommerce
23 error There is likely additional logging output above.
24 verbose exit [ 1, true ]
